<?xml version="1.0" encoding="UTF-8"?>
<!-- Generated by org.testng.reporters.JUnitXMLReporter -->
<testsuite ignored="0" hostname="LAPTOP-5QTLE0E8" failures="0" tests="6" name="Default test" time="24.16" errors="0" timestamp="2023-05-30T22:25:01 IST">
  <testcase classname="com.Goibibo_Summer.GoibiboRunner" name="ApplicationLaunch" time="5.293"/>
  <testcase classname="com.Goibibo_Summer.GoibiboRunner" name="orgin" time="0.729"/>
  <testcase classname="com.Goibibo_Summer.GoibiboRunner" name="destination" time="0.543"/>
  <testcase classname="com.Goibibo_Summer.GoibiboRunner" name="dataOfJourny" time="0.382"/>
  <testcase classname="com.Goibibo_Summer.GoibiboRunner" name="classOfJourny" time="0.634"/>
  <testcase classname="com.Goibibo_Summer.GoibiboRunner" name="searchForFlights" time="16.488"/>
</testsuite> <!-- Default test -->
